[debug] [2020-09-25T15:25:13.566Z] ----------------------------------------------------------------------
[debug] [2020-09-25T15:25:13.572Z] Command:       C:\Program Files\nodejs\node.exe C:\Users\HP\AppData\Roaming\npm\node_modules\firebase-tools\lib\bin\firebase.js open
[debug] [2020-09-25T15:25:13.573Z] CLI Version:   8.11.1
[debug] [2020-09-25T15:25:13.573Z] Platform:      win32
[debug] [2020-09-25T15:25:13.573Z] Node Version:  v12.18.2
[debug] [2020-09-25T15:25:13.575Z] Time:          Fri Sep 25 2020 20:55:13 GMT+0530 (India Standard Time)
[debug] [2020-09-25T15:25:13.576Z] ----------------------------------------------------------------------
[debug] [2020-09-25T15:25:13.576Z] 
[debug] [2020-09-25T15:25:13.597Z] > command requires scopes: ["email","openid","https://www.googleapis.com/auth/cloudplatformprojects.readonly","https://www.googleapis.com/auth/firebase","https://www.googleapis.com/auth/cloud-platform"]
[debug] [2020-09-25T15:25:13.599Z] > authorizing via signed-in user
[debug] [2020-09-25T15:25:13.603Z] [iam] checking project nestofin-cbf2f for permissions ["firebase.projects.get"]
[debug] [2020-09-25T15:25:13.613Z] >>> HTTP REQUEST POST https://cloudresourcemanager.googleapis.com/v1/projects/nestofin-cbf2f:testIamPermissions  
 {"permissions":["firebase.projects.get"]}
[debug] [2020-09-25T15:27:38.942Z] ----------------------------------------------------------------------
[debug] [2020-09-25T15:27:38.956Z] Command:       C:\Program Files\nodejs\node.exe C:\Users\HP\AppData\Roaming\npm\node_modules\firebase-tools\lib\bin\firebase.js init
[debug] [2020-09-25T15:27:38.956Z] CLI Version:   8.11.1
[debug] [2020-09-25T15:27:38.957Z] Platform:      win32
[debug] [2020-09-25T15:27:38.957Z] Node Version:  v12.18.2
[debug] [2020-09-25T15:27:38.959Z] Time:          Fri Sep 25 2020 20:57:38 GMT+0530 (India Standard Time)
[debug] [2020-09-25T15:27:38.959Z] ----------------------------------------------------------------------
[debug] [2020-09-25T15:27:38.959Z] 
[debug] [2020-09-25T15:27:38.977Z] > command requires scopes: ["email","openid","https://www.googleapis.com/auth/cloudplatformprojects.readonly","https://www.googleapis.com/auth/firebase","https://www.googleapis.com/auth/cloud-platform"]
[debug] [2020-09-25T15:27:38.979Z] > authorizing via signed-in user
[info] 
     ######## #### ########  ######## ########     ###     ######  ########
     ##        ##  ##     ## ##       ##     ##  ##   ##  ##       ##
     ######    ##  ########  ######   ########  #########  ######  ######
     ##        ##  ##    ##  ##       ##     ## ##     ##       ## ##
     ##       #### ##     ## ######## ########  ##     ##  ######  ########

You're about to initialize a Firebase project in this directory:

  C:\Users\HP\Desktop\Web Dev\NestoFin-Resurrection-F\morning\nestofin2

Before we get started, keep in mind:

  * You are initializing in an existing Firebase project directory

[info] 
=== Project Setup
[info] 
[info] First, let's associate this project directory with a Firebase project.
[info] You can create multiple project aliases by running firebase use --add, 
[info] but for now we'll just set up a default project.
[info] 
[info] i  .firebaserc already has a default project, using nestofin-cbf2f. 
[debug] [2020-09-25T15:27:52.660Z] >>> HTTP REQUEST GET https://firebase.googleapis.com/v1beta1/projects/nestofin-cbf2f  
 
